[RUN] Fold 553 -> /opt/tensorflow/bin/python3 tier2_lstm_tuning.py --folds-path _tmp_fold_553.json --tier1-backbone-json data/tuning_results/jsons/tier1_lstm_backbone.json --feature-path data/processed_folds/lstm_feature_columns.json --retrain-intervals 10,20,42 --pop-size 20 --ngen 15 --bo-iters 4 --tier2-json data/tuning_results/jsons/tier2_lstm.json --tier2-csv data/tuning_results/csv/tier2_lstm.csv --seed 42 --skip-existing
/home/ec2-user/tech-stock-forecasting-/tier2_lstm_tuning.py:28: DeprecationWarning: 
Pyarrow will become a required dependency of pandas in the next major release of pandas (pandas 3.0),
(to allow more performant data types, such as the Arrow string type, and better interoperability with other libraries)
but was not found to be installed on your system.
If this would cause problems for you,
please provide us feedback at https://github.com/pandas-dev/pandas/issues/54466
        
  import pandas as pd
2025-08-30 08:26:13.384366: I tensorflow/core/util/port.cc:110] oneDNN custom operations are on. You may see slightly different numerical results due to floating-point round-off errors from different computation orders. To turn them off, set the environment variable `TF_ENABLE_ONEDNN_OPTS=0`.
2025-08-30 08:26:14.801393: I tensorflow/core/platform/cpu_feature_guard.cc:182] This TensorFlow binary is optimized to use available CPU instructions in performance-critical operations.
To enable the following instructions: AVX2 AVX512F AVX512_VNNI FMA, in other operations, rebuild TensorFlow with the appropriate compiler flags.
2025-08-30 08:26:28.585162: W tensorflow/compiler/tf2tensorrt/utils/py_utils.cc:38] TF-TRT Warning: Could not find TensorRT
2025-08-30 08:26:49.729778: I tensorflow/compiler/xla/stream_executor/cuda/cuda_gpu_executor.cc:995] successful NUMA node read from SysFS had negative value (-1), but there must be at least one NUMA node, so returning NUMA node zero. See more at https://github.com/torvalds/linux/blob/v6.0/Documentation/ABI/testing/sysfs-bus-pci#L344-L355
2025-08-30 08:26:56.610507: I tensorflow/compiler/xla/stream_executor/cuda/cuda_gpu_executor.cc:995] successful NUMA node read from SysFS had negative value (-1), but there must be at least one NUMA node, so returning NUMA node zero. See more at https://github.com/torvalds/linux/blob/v6.0/Documentation/ABI/testing/sysfs-bus-pci#L344-L355
2025-08-30 08:26:56.614936: I tensorflow/compiler/xla/stream_executor/cuda/cuda_gpu_executor.cc:995] successful NUMA node read from SysFS had negative value (-1), but there must be at least one NUMA node, so returning NUMA node zero. See more at https://github.com/torvalds/linux/blob/v6.0/Documentation/ABI/testing/sysfs-bus-pci#L344-L355
2025-08-30 08:26:56.618431: I tensorflow/compiler/xla/stream_executor/cuda/cuda_gpu_executor.cc:995] successful NUMA node read from SysFS had negative value (-1), but there must be at least one NUMA node, so returning NUMA node zero. See more at https://github.com/torvalds/linux/blob/v6.0/Documentation/ABI/testing/sysfs-bus-pci#L344-L355
Traceback (most recent call last):
  File "/home/ec2-user/tech-stock-forecasting-/tier2_lstm_tuning.py", line 541, in <module>
    main()
  File "/home/ec2-user/tech-stock-forecasting-/tier2_lstm_tuning.py", line 232, in main
    champs_raw = load_json(Path(args.tier1_backbone_json).resolve())
  File "/home/ec2-user/tech-stock-forecasting-/tier2_lstm_tuning.py", line 57, in load_json
    raise FileNotFoundError(f"[load_json] File not found: {p}")
FileNotFoundError: [load_json] File not found: /home/ec2-user/tech-stock-forecasting-/data/tuning_results/jsons/tier1_lstm_backbone.json
[WARN] Fold 553 failed: Command '['/opt/tensorflow/bin/python3', 'tier2_lstm_tuning.py', '--folds-path', '_tmp_fold_553.json', '--tier1-backbone-json', 'data/tuning_results/jsons/tier1_lstm_backbone.json', '--feature-path', 'data/processed_folds/lstm_feature_columns.json', '--retrain-intervals', '10,20,42', '--pop-size', '20', '--ngen', '15', '--bo-iters', '4', '--tier2-json', 'data/tuning_results/jsons/tier2_lstm.json', '--tier2-csv', 'data/tuning_results/csv/tier2_lstm.csv', '--seed', '42', '--skip-existing']' returned non-zero exit status 1.
[RUN] Fold 564 -> /opt/tensorflow/bin/python3 tier2_lstm_tuning.py --folds-path _tmp_fold_564.json --tier1-backbone-json data/tuning_results/jsons/tier1_lstm_backbone.json --feature-path data/processed_folds/lstm_feature_columns.json --retrain-intervals 10,20,42 --pop-size 20 --ngen 15 --bo-iters 4 --tier2-json data/tuning_results/jsons/tier2_lstm.json --tier2-csv data/tuning_results/csv/tier2_lstm.csv --seed 42 --skip-existing
/home/ec2-user/tech-stock-forecasting-/tier2_lstm_tuning.py:28: DeprecationWarning: 
Pyarrow will become a required dependency of pandas in the next major release of pandas (pandas 3.0),
(to allow more performant data types, such as the Arrow string type, and better interoperability with other libraries)
but was not found to be installed on your system.
If this would cause problems for you,
please provide us feedback at https://github.com/pandas-dev/pandas/issues/54466
        
  import pandas as pd
2025-08-30 08:27:01.919488: I tensorflow/core/util/port.cc:110] oneDNN custom operations are on. You may see slightly different numerical results due to floating-point round-off errors from different computation orders. To turn them off, set the environment variable `TF_ENABLE_ONEDNN_OPTS=0`.
2025-08-30 08:27:01.971826: I tensorflow/core/platform/cpu_feature_guard.cc:182] This TensorFlow binary is optimized to use available CPU instructions in performance-critical operations.
To enable the following instructions: AVX2 AVX512F AVX512_VNNI FMA, in other operations, rebuild TensorFlow with the appropriate compiler flags.
2025-08-30 08:27:02.722724: W tensorflow/compiler/tf2tensorrt/utils/py_utils.cc:38] TF-TRT Warning: Could not find TensorRT
2025-08-30 08:27:04.124544: I tensorflow/compiler/xla/stream_executor/cuda/cuda_gpu_executor.cc:995] successful NUMA node read from SysFS had negative value (-1), but there must be at least one NUMA node, so returning NUMA node zero. See more at https://github.com/torvalds/linux/blob/v6.0/Documentation/ABI/testing/sysfs-bus-pci#L344-L355
2025-08-30 08:27:04.160704: I tensorflow/compiler/xla/stream_executor/cuda/cuda_gpu_executor.cc:995] successful NUMA node read from SysFS had negative value (-1), but there must be at least one NUMA node, so returning NUMA node zero. See more at https://github.com/torvalds/linux/blob/v6.0/Documentation/ABI/testing/sysfs-bus-pci#L344-L355
2025-08-30 08:27:04.164196: I tensorflow/compiler/xla/stream_executor/cuda/cuda_gpu_executor.cc:995] successful NUMA node read from SysFS had negative value (-1), but there must be at least one NUMA node, so returning NUMA node zero. See more at https://github.com/torvalds/linux/blob/v6.0/Documentation/ABI/testing/sysfs-bus-pci#L344-L355
2025-08-30 08:27:04.167615: I tensorflow/compiler/xla/stream_executor/cuda/cuda_gpu_executor.cc:995] successful NUMA node read from SysFS had negative value (-1), but there must be at least one NUMA node, so returning NUMA node zero. See more at https://github.com/torvalds/linux/blob/v6.0/Documentation/ABI/testing/sysfs-bus-pci#L344-L355
Traceback (most recent call last):
  File "/home/ec2-user/tech-stock-forecasting-/tier2_lstm_tuning.py", line 541, in <module>
    main()
  File "/home/ec2-user/tech-stock-forecasting-/tier2_lstm_tuning.py", line 232, in main
    champs_raw = load_json(Path(args.tier1_backbone_json).resolve())
  File "/home/ec2-user/tech-stock-forecasting-/tier2_lstm_tuning.py", line 57, in load_json
    raise FileNotFoundError(f"[load_json] File not found: {p}")
FileNotFoundError: [load_json] File not found: /home/ec2-user/tech-stock-forecasting-/data/tuning_results/jsons/tier1_lstm_backbone.json
[WARN] Fold 564 failed: Command '['/opt/tensorflow/bin/python3', 'tier2_lstm_tuning.py', '--folds-path', '_tmp_fold_564.json', '--tier1-backbone-json', 'data/tuning_results/jsons/tier1_lstm_backbone.json', '--feature-path', 'data/processed_folds/lstm_feature_columns.json', '--retrain-intervals', '10,20,42', '--pop-size', '20', '--ngen', '15', '--bo-iters', '4', '--tier2-json', 'data/tuning_results/jsons/tier2_lstm.json', '--tier2-csv', 'data/tuning_results/csv/tier2_lstm.csv', '--seed', '42', '--skip-existing']' returned non-zero exit status 1.
