2025-08-13 16:36:30,127 [INFO] [PATH] CWD=/Users/duybui/Documents/Hieu-Han-Github/Personal-Project-/tech-stock-forecasting
2025-08-13 16:36:30,127 [INFO] [PATH] meta_path=/Users/duybui/Documents/Hieu-Han-Github/Personal-Project-/tech-stock-forecasting/data/processed_folds/final/arima/selected_arima_final_paths.json
2025-08-13 16:36:30,127 [INFO] [PATH] root_dir=/Users/duybui/Documents/Hieu-Han-Github/Personal-Project-/tech-stock-forecasting/data/processed_folds
2025-08-13 16:36:30,138 [INFO] Fold 8, Retrain Interval 10
2025-08-13 16:37:14,361 [INFO] Fold 8, Retrain Interval 20
2025-08-13 16:37:41,448 [INFO] Fold 8, Retrain Interval 42
2025-08-13 16:37:50,983 [INFO] [CKPT] Saved after fold 8
2025-08-13 16:37:50,985 [INFO] Fold 33, Retrain Interval 10
2025-08-13 16:39:02,733 [INFO] Fold 33, Retrain Interval 20
2025-08-13 16:39:45,650 [INFO] Fold 33, Retrain Interval 42
2025-08-13 16:39:59,874 [INFO] [CKPT] Saved after fold 33
2025-08-13 16:39:59,875 [INFO] Fold 326, Retrain Interval 10
2025-08-13 17:00:20,000 [INFO] [PATH] CWD=/Users/duybui/Documents/Hieu-Han-Github/Personal-Project-/tech-stock-forecasting
2025-08-13 17:00:20,000 [INFO] [PATH] meta_path=/Users/duybui/Documents/Hieu-Han-Github/Personal-Project-/tech-stock-forecasting/data/processed_folds/final/arima/selected_arima_final_paths.json
2025-08-13 17:00:20,001 [INFO] [PATH] root_dir=/Users/duybui/Documents/Hieu-Han-Github/Personal-Project-/tech-stock-forecasting/data/processed_folds
2025-08-13 17:00:20,017 [INFO] Fold 8, Retrain Interval 10
2025-08-13 17:00:53,848 [INFO] Fold 8, Retrain Interval 20
2025-08-13 17:01:20,922 [INFO] Fold 8, Retrain Interval 42
2025-08-13 17:01:34,227 [INFO] [CKPT] Saved after fold 8
2025-08-13 17:01:34,229 [INFO] Fold 33, Retrain Interval 10
2025-08-13 17:01:40,788 [WARNING] NO TRADE in block 0-10 for params p=0,q=0,thr=0.01
2025-08-13 17:01:44,721 [WARNING] NO TRADE in block 0-10 for params p=0,q=0,thr=0.01
2025-08-13 17:01:52,807 [WARNING] NO TRADE in block 0-10 for params p=0,q=0,thr=0.01
2025-08-13 17:01:58,512 [WARNING] NO TRADE in block 0-10 for params p=0,q=0,thr=0.01
2025-08-13 17:02:03,050 [WARNING] NO TRADE in block 0-10 for params p=0,q=0,thr=0.01
2025-08-13 17:02:05,523 [WARNING] NO TRADE in block 0-10 for params p=0,q=0,thr=0.01
2025-08-13 17:02:05,542 [WARNING] NO TRADE in block 0-10 for params p=0,q=0,thr=0.01
2025-08-13 17:02:07,766 [WARNING] NO TRADE in block 0-10 for params p=0,q=0,thr=0.01
2025-08-13 17:02:07,860 [WARNING] NO TRADE in block 0-10 for params p=0,q=0,thr=0.01
2025-08-13 17:02:08,044 [WARNING] NO TRADE in block 0-10 for params p=0,q=0,thr=0.01
2025-08-13 17:02:08,063 [WARNING] NO TRADE in block 0-10 for params p=0,q=0,thr=0.01
2025-08-13 17:02:08,083 [WARNING] NO TRADE in block 0-10 for params p=0,q=0,thr=0.01
2025-08-13 17:02:08,103 [WARNING] NO TRADE in block 0-10 for params p=0,q=0,thr=0.01
2025-08-13 17:02:08,123 [WARNING] NO TRADE in block 0-10 for params p=0,q=0,thr=0.01
2025-08-13 17:02:08,162 [WARNING] NO TRADE in block 0-10 for params p=0,q=0,thr=0.01
2025-08-13 17:02:08,201 [WARNING] NO TRADE in block 0-10 for params p=0,q=0,thr=0.01
2025-08-13 17:02:08,221 [WARNING] NO TRADE in block 0-10 for params p=0,q=0,thr=0.01
2025-08-13 17:02:08,404 [WARNING] NO TRADE in block 0-10 for params p=0,q=0,thr=0.01
2025-08-13 17:02:08,423 [WARNING] NO TRADE in block 0-10 for params p=0,q=0,thr=0.01
2025-08-13 17:02:08,443 [WARNING] NO TRADE in block 0-10 for params p=0,q=0,thr=0.01
2025-08-13 17:02:08,443 [INFO] Fold 33, Retrain Interval 20
2025-08-13 17:02:13,444 [WARNING] NO TRADE in block 0-20 for params p=0,q=0,thr=0.01
2025-08-13 17:02:22,767 [WARNING] NO TRADE in block 0-20 for params p=0,q=0,thr=0.01
2025-08-13 17:02:22,787 [WARNING] NO TRADE in block 0-20 for params p=0,q=0,thr=0.01
2025-08-13 17:02:26,657 [WARNING] NO TRADE in block 0-20 for params p=0,q=0,thr=0.01
2025-08-13 17:02:26,715 [WARNING] NO TRADE in block 0-20 for params p=0,q=0,thr=0.01
2025-08-13 17:02:28,054 [WARNING] NO TRADE in block 0-20 for params p=0,q=0,thr=0.01
2025-08-13 17:02:28,076 [WARNING] NO TRADE in block 0-20 for params p=0,q=0,thr=0.01
2025-08-13 17:02:28,260 [WARNING] NO TRADE in block 0-20 for params p=0,q=0,thr=0.01
2025-08-13 17:02:28,300 [WARNING] NO TRADE in block 0-20 for params p=0,q=0,thr=0.01
2025-08-13 17:02:28,663 [WARNING] NO TRADE in block 0-20 for params p=0,q=0,thr=0.01
2025-08-13 17:02:28,704 [WARNING] NO TRADE in block 0-20 for params p=0,q=0,thr=0.01
2025-08-13 17:02:28,724 [WARNING] NO TRADE in block 0-20 for params p=0,q=0,thr=0.01
2025-08-13 17:02:28,744 [WARNING] NO TRADE in block 0-20 for params p=0,q=0,thr=0.01
2025-08-13 17:02:28,764 [WARNING] NO TRADE in block 0-20 for params p=0,q=0,thr=0.01
2025-08-13 17:02:28,784 [WARNING] NO TRADE in block 0-20 for params p=0,q=0,thr=0.01
2025-08-13 17:02:28,805 [WARNING] NO TRADE in block 0-20 for params p=0,q=0,thr=0.01
2025-08-13 17:02:28,825 [WARNING] NO TRADE in block 0-20 for params p=0,q=0,thr=0.01
2025-08-13 17:02:28,885 [WARNING] NO TRADE in block 0-20 for params p=0,q=0,thr=0.01
2025-08-13 17:02:28,926 [INFO] Fold 33, Retrain Interval 42
2025-08-13 17:02:32,439 [WARNING] NO TRADE in block 0-42 for params p=0,q=0,thr=0.01
2025-08-13 17:02:37,669 [WARNING] NO TRADE in block 0-42 for params p=0,q=0,thr=0.01
2025-08-13 17:02:37,688 [WARNING] NO TRADE in block 0-42 for params p=0,q=0,thr=0.01
2025-08-13 17:02:37,906 [WARNING] NO TRADE in block 0-42 for params p=0,q=0,thr=0.01
2025-08-13 17:02:37,926 [WARNING] NO TRADE in block 0-42 for params p=0,q=0,thr=0.01
2025-08-13 17:02:37,956 [WARNING] NO TRADE in block 0-42 for params p=0,q=0,thr=0.01
2025-08-13 17:02:38,170 [WARNING] NO TRADE in block 0-42 for params p=0,q=0,thr=0.01
2025-08-13 17:02:38,191 [WARNING] NO TRADE in block 0-42 for params p=0,q=0,thr=0.01
2025-08-13 17:02:38,211 [WARNING] NO TRADE in block 0-42 for params p=0,q=0,thr=0.01
2025-08-13 17:02:38,232 [WARNING] NO TRADE in block 0-42 for params p=0,q=0,thr=0.01
2025-08-13 17:02:38,417 [WARNING] NO TRADE in block 0-42 for params p=0,q=0,thr=0.01
2025-08-13 17:02:38,437 [WARNING] NO TRADE in block 0-42 for params p=0,q=0,thr=0.01
2025-08-13 17:02:38,477 [WARNING] NO TRADE in block 0-42 for params p=0,q=0,thr=0.01
2025-08-13 17:02:38,499 [WARNING] NO TRADE in block 0-42 for params p=0,q=0,thr=0.01
2025-08-13 17:02:38,519 [WARNING] NO TRADE in block 0-42 for params p=0,q=0,thr=0.01
2025-08-13 17:02:38,540 [WARNING] NO TRADE in block 0-42 for params p=0,q=0,thr=0.01
2025-08-13 17:02:38,560 [WARNING] NO TRADE in block 0-42 for params p=0,q=0,thr=0.01
2025-08-13 17:02:38,601 [WARNING] NO TRADE in block 0-42 for params p=0,q=0,thr=0.01
2025-08-13 17:02:38,632 [WARNING] NO TRADE in block 0-42 for params p=0,q=0,thr=0.01
2025-08-13 17:02:38,652 [WARNING] NO TRADE in block 0-42 for params p=0,q=0,thr=0.01
2025-08-13 17:02:38,674 [WARNING] NO TRADE in block 0-42 for params p=0,q=0,thr=0.01
2025-08-13 17:02:38,675 [INFO] [CKPT] Saved after fold 33
2025-08-13 17:02:38,677 [INFO] Fold 326, Retrain Interval 10
2025-08-13 17:03:23,432 [INFO] Fold 326, Retrain Interval 20
2025-08-13 17:52:49,862 [INFO] [PATH] CWD=/Users/duybui/Documents/Hieu-Han-Github/Personal-Project-/tech-stock-forecasting
2025-08-13 17:52:49,862 [INFO] [PATH] meta_path=/Users/duybui/Documents/Hieu-Han-Github/Personal-Project-/tech-stock-forecasting/data/processed_folds/final/arima/selected_arima_final_paths.json
2025-08-13 17:52:49,862 [INFO] [PATH] root_dir=/Users/duybui/Documents/Hieu-Han-Github/Personal-Project-/tech-stock-forecasting/data/processed_folds
2025-08-13 17:52:49,874 [INFO] Fold 8, Retrain Interval 10
2025-08-13 17:53:24,687 [INFO] Fold 8, Retrain Interval 20
2025-08-13 17:53:49,360 [INFO] Fold 8, Retrain Interval 42
2025-08-13 17:54:03,170 [INFO] [CKPT] Saved after fold 8
2025-08-13 17:54:03,172 [INFO] Fold 33, Retrain Interval 10
2025-08-13 17:55:49,763 [INFO] Fold 33, Retrain Interval 20
2025-08-13 17:56:47,191 [INFO] Fold 33, Retrain Interval 42
2025-08-13 17:57:19,079 [INFO] [CKPT] Saved after fold 33
2025-08-13 17:57:19,081 [INFO] Fold 326, Retrain Interval 10
2025-08-13 17:58:21,306 [INFO] Fold 326, Retrain Interval 20
2025-08-13 17:59:02,471 [INFO] Fold 326, Retrain Interval 42
2025-08-13 17:59:22,696 [INFO] [CKPT] Saved after fold 326
2025-08-13 17:59:22,698 [INFO] Fold 150, Retrain Interval 10
2025-08-13 17:59:37,968 [INFO] Fold 150, Retrain Interval 20
2025-08-13 17:59:52,794 [INFO] Fold 150, Retrain Interval 42
2025-08-13 18:00:07,009 [INFO] [CKPT] Saved after fold 150
2025-08-13 18:00:07,011 [INFO] Fold 372, Retrain Interval 10
